C51 COMPILER V9.60.0.0   DELAY                                                             10/30/2023 23:23:22 PAGE 1   


C51 COMPILER V9.60.0.0, COMPILATION OF MODULE DELAY
OBJECT MODULE PLACED IN .\OBJ\Delay.obj
COMPILER INVOKED BY: C:\Keil_v5\C51\BIN\C51.EXE ..\HardWareCode\Delay.c OPTIMIZE(8,SPEED) BROWSE INCDIR(.\UserCode;..\Ha
                    -rdWareCode;..\UserCode) DEBUG OBJECTEXTEND PRINT(.\LST\Delay.lst) TABS(2) OBJECT(.\OBJ\Delay.obj)

line level    source

   1          
   2          
   3          
   4          #include <Intrins.h>
   5          #include <REG_MG82F6D17.h>
   6          #include ".\include\Type.h"
   7          #include ".\include\API_Macro_MG82F6D17.H"
   8          
   9          
  10          #include "SystemClock.h"
  11          #include "Delay.h"
  12          
  13          void usDelay(u8 xUs)
  14          {
  15   1        while(xUs!=0)
  16   1        {
  17   2      #if (MCU_CPUCLK>=11059200)
  18   2          _nop_();
  19   2      #endif
  20   2      #if (MCU_CPUCLK>=14745600)
  21   2          _nop_();
  22   2          _nop_();
  23   2          _nop_();
  24   2          _nop_();
  25   2      #endif
  26   2      #if (MCU_CPUCLK>=16000000)
  27   2          _nop_();
  28   2      #endif
  29   2      
  30   2      #if (MCU_CPUCLK>=22118400)
  31   2          _nop_();
  32   2          _nop_();
  33   2          _nop_();
  34   2          _nop_();
  35   2          _nop_();
  36   2          _nop_();
  37   2      #endif
  38   2      #if (MCU_CPUCLK>=24000000)
  39   2          _nop_();
  40   2          _nop_();
  41   2      #endif    
  42   2      #if (MCU_CPUCLK>=29491200)
                  _nop_();
                  _nop_();
                  _nop_();
                  _nop_();
                  _nop_();
                  _nop_();
              #endif
  50   2      #if (MCU_CPUCLK>=32000000)
                  _nop_();
                  _nop_();
              #endif
  54   2      
C51 COMPILER V9.60.0.0   DELAY                                                             10/30/2023 23:23:22 PAGE 2   

  55   2          xUs--;
  56   2        }
  57   1      }
  58          
  59          
  60          void msDelay(u16 xMs)
  61          {
  62   1        while(xMs!=0)
  63   1        {
  64   2          CLRWDT();
  65   2          usDelay(200);
  66   2          usDelay(200);
  67   2          usDelay(200);
  68   2          usDelay(200);
  69   2          usDelay(200);
  70   2          xMs--;
  71   2          
  72   2        }
  73   1      }


MODULE INFORMATION:   STATIC OVERLAYABLE
   CODE SIZE        =     58    ----
   CONSTANT SIZE    =   ----    ----
   XDATA SIZE       =   ----    ----
   PDATA SIZE       =   ----    ----
   DATA SIZE        =   ----    ----
   IDATA SIZE       =   ----    ----
   BIT SIZE         =   ----    ----
END OF MODULE INFORMATION.


C51 COMPILATION COMPLETE.  0 WARNING(S),  0 ERROR(S)
