C51 COMPILER V9.60.0.0   MAIN                                                              10/30/2023 23:23:23 PAGE 1   


C51 COMPILER V9.60.0.0, COMPILATION OF MODULE MAIN
OBJECT MODULE PLACED IN .\OBJ\MAIN.obj
COMPILER INVOKED BY: C:\Keil_v5\C51\BIN\C51.EXE ..\UserCode\MAIN.C OPTIMIZE(8,SPEED) BROWSE INCDIR(.\HardWareCode;..\Har
                    -dWareCode;..\UserCode) DEBUG OBJECTEXTEND PRINT(.\LST\MAIN.lst) TABS(2) OBJECT(.\OBJ\MAIN.obj)

line level    source

   1          
   2          
   3          #define _MAIN_C
   4          #include <REG_MG82F6D17.h>
   5          #include ".\include\Type.h"
   6          #include ".\include\API_Macro_MG82F6D17.H"
   7          
   8          
   9          #include "HardWare.h"
  10          #include "SystemClock.h"
  11          #include "SPI.h"
  12          #include "Delay.h"
  13          #include "Dice.h"
  14          #include "shiftreg.h"
  15          #include "LedBoard.h"
  16          #include "UserDriverBridge.h"
  17          #include "UserInput.h"
  18          #include "Buzzer.h"
  19          #include "USER.h"
  20          #include "memmap.h"
  21          #include "BOD.h"
  22          #include "Settings.h"
  23          
  24          
  25          void main()
  26          {
  27   1        msDelay(100);
  28   1        InitClock();
  29   1        HardWareInit();
  30   1        InitSPI();
  31   1        InitBOD();
  32   1        INT_EnAll();  
  33   1        SetupMemMap();
  34   1        LoadPreSettings();
  35   1        
  36   1          while(1)
  37   1          { 
  38   2            RedUser();
  39   2            GreenUser();
  40   2            BlueUser();
  41   2            YellowUser();
  42   2            SettingsManager();
  43   2            DiceManager();
  44   2            DecodeManager();
  45   2            LedManager();
  46   2            ScanInput();
  47   2            CheckKeyVsTokn();
  48   2            BuzzerManager();
  49   2            ManageAnimation();
  50   2          }
  51   1          
  52   1      }


C51 COMPILER V9.60.0.0   MAIN                                                              10/30/2023 23:23:23 PAGE 2   

MODULE INFORMATION:   STATIC OVERLAYABLE
   CODE SIZE        =     65    ----
   CONSTANT SIZE    =   ----    ----
   XDATA SIZE       =   ----    ----
   PDATA SIZE       =   ----    ----
   DATA SIZE        =   ----    ----
   IDATA SIZE       =   ----    ----
   BIT SIZE         =   ----    ----
END OF MODULE INFORMATION.


C51 COMPILATION COMPLETE.  0 WARNING(S),  0 ERROR(S)
