C51 COMPILER V9.60.0.0   SHIFTREG                                                          10/14/2023 19:16:45 PAGE 1   


C51 COMPILER V9.60.0.0, COMPILATION OF MODULE SHIFTREG
OBJECT MODULE PLACED IN .\OBJ\shiftreg.obj
COMPILER INVOKED BY: C:\Keil_v5\C51\BIN\C51.EXE ..\HardWareCode\shiftreg.c OPTIMIZE(8,SPEED) BROWSE INCDIR(.\UserCode;..
                    -\HardWareCode;..\UserCode) DEBUG OBJECTEXTEND PRINT(.\LST\shiftreg.lst) TABS(2) OBJECT(.\OBJ\shiftreg.obj)

line level    source

   1          #include ".\include\REG_MG82F6D17.H"
   2          #include ".\include\API_Macro_MG82F6D17.H"
   3          #include ".\include\Type.h"
   4          
   5          #include "shiftreg.h"
   6          #include "HardWare.h"
   7          #include "Delay.h"
   8          
   9          
  10          void shiftOut(bit DataPin , bit ClkPin,bit BitOrder,uint8_t Data )
  11          {
  12   1           int j;
  13   1           if(BitOrder)
  14   1           {
  15   2              for(j=0;j<=7;j++)
  16   2              {                         
  17   3                digitalWrite(DataPin,bitRead(Data,j));
  18   3                digitalWrite(ClkPin,0);
  19   3                digitalWrite(ClkPin,1);         
  20   3              } 
  21   2              
  22   2           }
  23   1           
  24   1           else 
  25   1           {
  26   2              for(j=0;j<=7;j++)
  27   2              {           
  28   3                 digitalWrite(DataPin,bitRead(Data,(7-j)));            //LSBFIRST
  29   3                 digitalWrite(ClkPin,0);
  30   3                 digitalWrite(ClkPin,1);  
  31   3              } 
  32   2           }
  33   1      
  34   1      }
  35          


MODULE INFORMATION:   STATIC OVERLAYABLE
   CODE SIZE        =     75    ----
   CONSTANT SIZE    =   ----    ----
   XDATA SIZE       =   ----    ----
   PDATA SIZE       =   ----    ----
   DATA SIZE        =   ----       1
   IDATA SIZE       =   ----    ----
   BIT SIZE         =   ----       3
END OF MODULE INFORMATION.


C51 COMPILATION COMPLETE.  0 WARNING(S),  0 ERROR(S)
