C51 COMPILER V9.60.0.0   TIMER0                                                            10/30/2023 23:23:22 PAGE 1   


C51 COMPILER V9.60.0.0, COMPILATION OF MODULE TIMER0
OBJECT MODULE PLACED IN .\OBJ\Timer0.obj
COMPILER INVOKED BY: C:\Keil_v5\C51\BIN\C51.EXE ..\HardWareCode\Timer0.c OPTIMIZE(8,SPEED) BROWSE INCDIR(.\UserCode;..\H
                    -ardWareCode;..\UserCode) DEBUG OBJECTEXTEND PRINT(.\LST\Timer0.lst) TABS(2) OBJECT(.\OBJ\Timer0.obj)

line level    source

   1          #include <REG_MG82F6D17.h>
   2          #include ".\include\Type.h"
   3          #include ".\include\API_Macro_MG82F6D17.H"
   4          
   5          
   6          #include "timers.h"
   7          #include "Dice.h"
   8          #include "LedBoard.h"
   9          #include "UserInput.h"
  10          #include "Buzzer.h"
  11          #include "USER.h" 
  12          
  13          void Timer0_INIT(void)
  14          {
  15   1        TM_SetT0Mode_1_16BIT_TIMER();              // TIMER0 Mode: 16-Bit
  16   1        TM_SetT0Clock_SYSCLKDiv12();               // TIMER0 Clock source: TIMER0_SRC_CLK = SYSCLK/12
  17   1        TM_SetT0Gate_Disable();                    // TIMER0 disable gate
  18   1        
  19   1        TM_SetT0LowByte(SetTimerTL(TIMER));        // Set TL0 value
  20   1        TM_SetT0HighByte(SetTimerTH(TIMER));       // Set TH0 value IN Milli second
  21   1        
  22   1        TM_EnableT0();                             // Enable TIMER0
  23   1        INT_EnTIMER0();                            // Enable TIMER0 Interrupt
  24   1      }
  25          
  26          
  27          
  28          
  29          void Timer0_ISR(void) interrupt INT_VECTOR_T0
  30          {
  31   1        TimerStop();
  32   1        AnmtnTimer();
  33   1        DiceTimer();
  34   1        LedTimer();
  35   1        InputScanTimer();
  36   1        BeepTimer();
  37   1        ToknBlinkTimer();
  38   1        TimerStart();
  39   1      }
  40          
  41          
  42          
  43          
  44          
  45          
  46          
  47          
  48          
  49          
  50          
  51          
  52          


C51 COMPILER V9.60.0.0   TIMER0                                                            10/30/2023 23:23:22 PAGE 2   

MODULE INFORMATION:   STATIC OVERLAYABLE
   CODE SIZE        =    124    ----
   CONSTANT SIZE    =   ----    ----
   XDATA SIZE       =   ----    ----
   PDATA SIZE       =   ----    ----
   DATA SIZE        =   ----    ----
   IDATA SIZE       =   ----    ----
   BIT SIZE         =   ----    ----
END OF MODULE INFORMATION.


C51 COMPILATION COMPLETE.  0 WARNING(S),  0 ERROR(S)
